2025-04-24 11:42:54.499 - INFO - main [MainThread] - Starting Multi-Sensor Autonomous Driving System
2025-04-24 11:42:54.499 - INFO - main [MainThread] - Log level: INFO, Log directory: logs
2025-04-24 11:42:54.551 - INFO - LaneDetector [MainThread] - Initializing lane detector with engine: ../Models/yolov8n-seg-lane.engine
2025-04-24 11:42:54.551 - INFO - TRTInference [MainThread] - Initializing TensorRT engine from: ../Models/yolov8n-seg-lane.engine
2025-04-24 11:42:55.316 - INFO - TRTInference [MainThread] - Engine loaded successfully
2025-04-24 11:42:55.318 - INFO - TRTInference [MainThread] - Allocated buffers for 1 inputs and 2 outputs
2025-04-24 11:42:55.319 - INFO - CUDAProcessor [MainThread] - Initializing CUDA processing kernels
2025-04-24 11:42:55.349 - INFO - CUDAProcessor [MainThread] - CUDA kernels compiled successfully
2025-04-24 11:42:55.350 - INFO - LaneDetector [MainThread] - Lane detector initialized successfully
2025-04-24 11:42:55.351 - INFO - SteeringController [MainThread] - Steering controller initialized with max torque: 0.10
2025-04-24 11:42:55.351 - ERROR - vehicle_interface [MainThread] - Failed to load DBC files: [Errno 2] No such file or directory: './sygnal_dbc/mcm/Heartbeat.dbc'
2025-04-24 11:42:55.351 - ERROR - MultiSensorAutonomousSystem [MainThread] - System initialization failed: [Errno 2] No such file or directory: './sygnal_dbc/mcm/Heartbeat.dbc'
2025-04-24 11:42:55.353 - ERROR - MultiSensorAutonomousSystem [MainThread] - Traceback (most recent call last):
  File "main.py", line 366, in __init__
    self.mcm = MCMController(can_channel)
  File "/home/pomo/DriveGXO/driveHalo-py-jetson/vehicle_interface.py", line 19, in __init__
    self.db.add_dbc_file('./sygnal_dbc/mcm/Heartbeat.dbc')
  File "/home/pomo/DriveGXO/venv/lib/python3.8/site-packages/cantools/database/can/database.py", line 160, in add_dbc_file
    with fopen(filename, 'r', encoding=encoding) as fin:
  File "/home/pomo/DriveGXO/venv/lib/python3.8/site-packages/cantools/compat.py", line 11, in __enter__
    self._fp = open(self._filename,
FileNotFoundError: [Errno 2] No such file or directory: './sygnal_dbc/mcm/Heartbeat.dbc'

2025-04-24 11:42:55.354 - ERROR - main [MainThread] - System failed to start: [Errno 2] No such file or directory: './sygnal_dbc/mcm/Heartbeat.dbc'
2025-04-24 11:42:55.354 - ERROR - main [MainThread] - Traceback (most recent call last):
  File "main.py", line 918, in main
    system = MultiSensorAutonomousSystem(
  File "main.py", line 366, in __init__
    self.mcm = MCMController(can_channel)
  File "/home/pomo/DriveGXO/driveHalo-py-jetson/vehicle_interface.py", line 19, in __init__
    self.db.add_dbc_file('./sygnal_dbc/mcm/Heartbeat.dbc')
  File "/home/pomo/DriveGXO/venv/lib/python3.8/site-packages/cantools/database/can/database.py", line 160, in add_dbc_file
    with fopen(filename, 'r', encoding=encoding) as fin:
  File "/home/pomo/DriveGXO/venv/lib/python3.8/site-packages/cantools/compat.py", line 11, in __enter__
    self._fp = open(self._filename,
FileNotFoundError: [Errno 2] No such file or directory: './sygnal_dbc/mcm/Heartbeat.dbc'

2025-04-24 11:42:55.564 - INFO - rospy.core [MainThread] - signal_shutdown [atexit]
2025-04-24 11:43:51.283 - INFO - main [MainThread] - Starting Multi-Sensor Autonomous Driving System
2025-04-24 11:43:51.283 - INFO - main [MainThread] - Log level: INFO, Log directory: logs
2025-04-24 11:43:51.447 - INFO - LaneDetector [MainThread] - Initializing lane detector with engine: ../Models/yolov8n-seg-lane.engine
2025-04-24 11:43:51.448 - INFO - TRTInference [MainThread] - Initializing TensorRT engine from: ../Models/yolov8n-seg-lane.engine
2025-04-24 11:43:52.355 - INFO - TRTInference [MainThread] - Engine loaded successfully
2025-04-24 11:43:52.356 - INFO - TRTInference [MainThread] - Allocated buffers for 1 inputs and 2 outputs
2025-04-24 11:43:52.356 - INFO - CUDAProcessor [MainThread] - Initializing CUDA processing kernels
2025-04-24 11:43:52.420 - INFO - CUDAProcessor [MainThread] - CUDA kernels compiled successfully
2025-04-24 11:43:52.421 - INFO - LaneDetector [MainThread] - Lane detector initialized successfully
2025-04-24 11:43:52.421 - INFO - SteeringController [MainThread] - Steering controller initialized with max torque: 0.10
2025-04-24 11:43:52.443 - INFO - vehicle_interface [MainThread] - Loaded DBC files successfully
2025-04-24 11:43:52.444 - INFO - can.interfaces.socketcan.socketcan [MainThread] - Created a socket
2025-04-24 11:43:52.444 - INFO - vehicle_interface [MainThread] - CAN bus initialized on channel vcan0
2025-04-24 11:43:52.518 - INFO - can.interfaces.socketcan.socketcan [MainThread] - Created a socket
2025-04-24 11:43:52.531 - INFO - can.interfaces.socketcan.socketcan [MainThread] - Created a socket
2025-04-24 11:43:52.532 - INFO - VehicleStateManager [MainThread] - Initializing vehicle state manager
2025-04-24 11:43:52.532 - INFO - VehicleStateManager [MainThread] - Vehicle state manager initialized
2025-04-24 11:43:52.533 - INFO - SensorFusion [MainThread] - Initializing sensor fusion system
2025-04-24 11:43:52.533 - INFO - SensorFusion [MainThread] - Sensor fusion initialized
2025-04-24 11:43:52.533 - INFO - PoseEstimator [MainThread] - Initializing pose estimator
2025-04-24 11:43:52.534 - INFO - PoseEstimator [MainThread] - Pose estimator initialized
2025-04-24 11:43:52.534 - INFO - IMUProcessor [MainThread] - Initializing IMU processor
2025-04-24 11:43:52.534 - INFO - IMUProcessor [MainThread] - IMU processor initialized
2025-04-24 13:06:57.599 - INFO - main [MainThread] - Starting Multi-Sensor Autonomous Driving System
2025-04-24 13:06:57.600 - INFO - main [MainThread] - Log level: INFO, Log directory: logs
2025-04-24 13:06:57.648 - INFO - LaneDetector [MainThread] - Initializing lane detector with engine: ../Models/yolov8n-seg-lane.engine
2025-04-24 13:06:57.649 - INFO - TRTInference [MainThread] - Initializing TensorRT engine from: ../Models/yolov8n-seg-lane.engine
2025-04-24 13:06:58.403 - INFO - TRTInference [MainThread] - Engine loaded successfully
2025-04-24 13:06:58.405 - INFO - TRTInference [MainThread] - Allocated buffers for 1 inputs and 2 outputs
2025-04-24 13:06:58.406 - INFO - CUDAProcessor [MainThread] - Initializing CUDA processing kernels
2025-04-24 13:06:58.439 - INFO - CUDAProcessor [MainThread] - CUDA kernels compiled successfully
2025-04-24 13:06:58.443 - INFO - LaneDetector [MainThread] - Lane detector initialized successfully
2025-04-24 13:06:58.443 - INFO - SteeringController [MainThread] - Steering controller initialized with max torque: 0.10
2025-04-24 13:06:58.464 - INFO - vehicle_interface [MainThread] - Loaded DBC files successfully
2025-04-24 13:06:58.465 - INFO - can.interfaces.socketcan.socketcan [MainThread] - Created a socket
2025-04-24 13:06:58.465 - INFO - vehicle_interface [MainThread] - CAN bus initialized on channel vcan0
2025-04-24 13:06:58.524 - INFO - can.interfaces.socketcan.socketcan [MainThread] - Created a socket
2025-04-24 13:06:58.535 - INFO - can.interfaces.socketcan.socketcan [MainThread] - Created a socket
2025-04-24 13:06:58.536 - INFO - VehicleStateManager [MainThread] - Initializing vehicle state manager
2025-04-24 13:06:58.536 - INFO - VehicleStateManager [MainThread] - Vehicle state manager initialized
2025-04-24 13:06:58.536 - INFO - SensorFusion [MainThread] - Initializing sensor fusion system
2025-04-24 13:06:58.537 - INFO - SensorFusion [MainThread] - Sensor fusion initialized
2025-04-24 13:06:58.537 - INFO - PoseEstimator [MainThread] - Initializing pose estimator
2025-04-24 13:06:58.537 - INFO - PoseEstimator [MainThread] - Pose estimator initialized
2025-04-24 13:06:58.537 - INFO - IMUProcessor [MainThread] - Initializing IMU processor
2025-04-24 13:06:58.537 - INFO - IMUProcessor [MainThread] - IMU processor initialized
2025-04-24 13:10:46.091 - INFO - main [MainThread] - Starting Multi-Sensor Autonomous Driving System
2025-04-24 13:10:46.091 - INFO - main [MainThread] - Log level: INFO, Log directory: logs
2025-04-24 13:10:46.140 - INFO - LaneDetector [MainThread] - Initializing lane detector with engine: ../Models/yolov8n-seg-lane.engine
2025-04-24 13:10:46.140 - INFO - TRTInference [MainThread] - Initializing TensorRT engine from: ../Models/yolov8n-seg-lane.engine
2025-04-24 13:10:46.551 - INFO - TRTInference [MainThread] - Engine loaded successfully
2025-04-24 13:10:46.552 - INFO - TRTInference [MainThread] - Allocated buffers for 1 inputs and 2 outputs
2025-04-24 13:10:46.552 - INFO - CUDAProcessor [MainThread] - Initializing CUDA processing kernels
2025-04-24 13:10:46.575 - INFO - CUDAProcessor [MainThread] - CUDA kernels compiled successfully
2025-04-24 13:10:46.576 - INFO - LaneDetector [MainThread] - Lane detector initialized successfully
2025-04-24 13:10:46.576 - INFO - SteeringController [MainThread] - Steering controller initialized with max torque: 0.10
2025-04-24 13:10:46.595 - INFO - vehicle_interface [MainThread] - Loaded DBC files successfully
2025-04-24 13:10:46.596 - INFO - can.interfaces.socketcan.socketcan [MainThread] - Created a socket
2025-04-24 13:10:46.596 - INFO - vehicle_interface [MainThread] - CAN bus initialized on channel vcan0
2025-04-24 13:10:46.655 - INFO - can.interfaces.socketcan.socketcan [MainThread] - Created a socket
2025-04-24 13:10:46.665 - INFO - can.interfaces.socketcan.socketcan [MainThread] - Created a socket
2025-04-24 13:10:46.666 - INFO - VehicleStateManager [MainThread] - Initializing vehicle state manager
2025-04-24 13:10:46.666 - INFO - VehicleStateManager [MainThread] - Vehicle state manager initialized
2025-04-24 13:10:46.666 - INFO - SensorFusion [MainThread] - Initializing sensor fusion system
2025-04-24 13:10:46.667 - INFO - SensorFusion [MainThread] - Sensor fusion initialized
2025-04-24 13:10:46.667 - INFO - PoseEstimator [MainThread] - Initializing pose estimator
2025-04-24 13:10:46.667 - INFO - PoseEstimator [MainThread] - Pose estimator initialized
2025-04-24 13:10:46.667 - INFO - IMUProcessor [MainThread] - Initializing IMU processor
2025-04-24 13:10:46.667 - INFO - IMUProcessor [MainThread] - IMU processor initialized
2025-04-24 13:13:14.191 - INFO - main [MainThread] - Starting Multi-Sensor Autonomous Driving System
2025-04-24 13:13:14.191 - INFO - main [MainThread] - Log level: INFO, Log directory: logs
2025-04-24 13:13:14.240 - INFO - LaneDetector [MainThread] - Initializing lane detector with engine: ../Models/yolov8n-seg-lane.engine
2025-04-24 13:13:14.240 - INFO - TRTInference [MainThread] - Initializing TensorRT engine from: ../Models/yolov8n-seg-lane.engine
2025-04-24 13:13:14.650 - INFO - TRTInference [MainThread] - Engine loaded successfully
2025-04-24 13:13:14.651 - INFO - TRTInference [MainThread] - Allocated buffers for 1 inputs and 2 outputs
2025-04-24 13:13:14.652 - INFO - CUDAProcessor [MainThread] - Initializing CUDA processing kernels
2025-04-24 13:13:14.675 - INFO - CUDAProcessor [MainThread] - CUDA kernels compiled successfully
2025-04-24 13:13:14.676 - INFO - LaneDetector [MainThread] - Lane detector initialized successfully
2025-04-24 13:13:14.676 - INFO - SteeringController [MainThread] - Steering controller initialized with max torque: 0.10
2025-04-24 13:13:14.695 - INFO - vehicle_interface [MainThread] - Loaded DBC files successfully
2025-04-24 13:13:14.696 - INFO - can.interfaces.socketcan.socketcan [MainThread] - Created a socket
2025-04-24 13:13:14.696 - INFO - vehicle_interface [MainThread] - CAN bus initialized on channel vcan0
2025-04-24 13:13:14.755 - INFO - can.interfaces.socketcan.socketcan [MainThread] - Created a socket
2025-04-24 13:13:14.765 - INFO - can.interfaces.socketcan.socketcan [MainThread] - Created a socket
2025-04-24 13:13:14.766 - INFO - VehicleStateManager [MainThread] - Initializing vehicle state manager
2025-04-24 13:13:14.766 - INFO - VehicleStateManager [MainThread] - Vehicle state manager initialized
2025-04-24 13:13:14.766 - INFO - SensorFusion [MainThread] - Initializing sensor fusion system
2025-04-24 13:13:14.767 - INFO - SensorFusion [MainThread] - Sensor fusion initialized
2025-04-24 13:13:14.767 - INFO - PoseEstimator [MainThread] - Initializing pose estimator
2025-04-24 13:13:14.767 - INFO - PoseEstimator [MainThread] - Pose estimator initialized
2025-04-24 13:13:14.767 - INFO - IMUProcessor [MainThread] - Initializing IMU processor
2025-04-24 13:13:14.767 - INFO - IMUProcessor [MainThread] - IMU processor initialized
2025-04-25 09:15:23.568 - INFO - main [MainThread] - Starting Multi-Sensor Autonomous Driving System
2025-04-25 09:15:23.568 - INFO - main [MainThread] - Log level: INFO, Log directory: logs
2025-04-25 09:15:23.619 - INFO - LaneDetector [MainThread] - Initializing lane detector with engine: ../Models/yolov8n-seg-lane.engine
2025-04-25 09:15:23.620 - INFO - TRTInference [MainThread] - Initializing TensorRT engine from: ../Models/yolov8n-seg-lane.engine
2025-04-25 09:15:24.347 - INFO - TRTInference [MainThread] - Engine loaded successfully
2025-04-25 09:15:24.350 - INFO - TRTInference [MainThread] - Allocated buffers for 1 inputs and 2 outputs
2025-04-25 09:15:24.350 - INFO - CUDAProcessor [MainThread] - Initializing CUDA processing kernels
2025-04-25 09:15:24.385 - INFO - CUDAProcessor [MainThread] - CUDA kernels compiled successfully
2025-04-25 09:15:24.387 - INFO - LaneDetector [MainThread] - Lane detector initialized successfully
2025-04-25 09:15:24.387 - INFO - SteeringController [MainThread] - Steering controller initialized with max torque: 0.10
2025-04-25 09:15:24.407 - INFO - vehicle_interface [MainThread] - Loaded DBC files successfully
2025-04-25 09:15:24.408 - INFO - can.interfaces.socketcan.socketcan [MainThread] - Created a socket
2025-04-25 09:15:24.408 - INFO - vehicle_interface [MainThread] - CAN bus initialized on channel vcan0
2025-04-25 09:15:24.470 - INFO - can.interfaces.socketcan.socketcan [MainThread] - Created a socket
2025-04-25 09:15:24.482 - INFO - can.interfaces.socketcan.socketcan [MainThread] - Created a socket
2025-04-25 09:15:24.482 - INFO - VehicleStateManager [MainThread] - Initializing vehicle state manager
2025-04-25 09:15:24.482 - INFO - VehicleStateManager [MainThread] - Vehicle state manager initialized
2025-04-25 09:15:24.483 - INFO - SensorFusion [MainThread] - Initializing sensor fusion system
2025-04-25 09:15:24.483 - INFO - SensorFusion [MainThread] - Sensor fusion initialized
2025-04-25 09:15:24.483 - INFO - PoseEstimator [MainThread] - Initializing pose estimator
2025-04-25 09:15:24.483 - INFO - PoseEstimator [MainThread] - Pose estimator initialized
2025-04-25 09:15:24.484 - INFO - IMUProcessor [MainThread] - Initializing IMU processor
2025-04-25 09:15:24.484 - INFO - IMUProcessor [MainThread] - IMU processor initialized
2025-04-25 09:32:50.419 - INFO - main [MainThread] - Starting Multi-Sensor Autonomous Driving System
2025-04-25 09:32:50.419 - INFO - main [MainThread] - Log level: INFO, Log directory: logs
2025-04-25 09:32:50.468 - INFO - LaneDetector [MainThread] - Initializing lane detector with engine: ../Models/yolov8n-seg-lane.engine
2025-04-25 09:32:50.468 - INFO - TRTInference [MainThread] - Initializing TensorRT engine from: ../Models/yolov8n-seg-lane.engine
2025-04-25 09:32:50.883 - INFO - TRTInference [MainThread] - Engine loaded successfully
2025-04-25 09:32:50.884 - INFO - TRTInference [MainThread] - Allocated buffers for 1 inputs and 2 outputs
2025-04-25 09:32:50.884 - INFO - CUDAProcessor [MainThread] - Initializing CUDA processing kernels
2025-04-25 09:32:50.908 - INFO - CUDAProcessor [MainThread] - CUDA kernels compiled successfully
2025-04-25 09:32:50.909 - INFO - LaneDetector [MainThread] - Lane detector initialized successfully
2025-04-25 09:32:50.909 - INFO - SteeringController [MainThread] - Steering controller initialized with max torque: 0.10
2025-04-25 09:32:50.928 - INFO - vehicle_interface [MainThread] - Loaded DBC files successfully
2025-04-25 09:32:50.929 - INFO - can.interfaces.socketcan.socketcan [MainThread] - Created a socket
2025-04-25 09:32:50.929 - INFO - vehicle_interface [MainThread] - CAN bus initialized on channel vcan0
2025-04-25 09:32:50.997 - INFO - can.interfaces.socketcan.socketcan [MainThread] - Created a socket
2025-04-25 09:32:51.007 - INFO - can.interfaces.socketcan.socketcan [MainThread] - Created a socket
2025-04-25 09:32:51.008 - INFO - VehicleStateManager [MainThread] - Initializing vehicle state manager
2025-04-25 09:32:51.008 - INFO - VehicleStateManager [MainThread] - Vehicle state manager initialized
2025-04-25 09:32:51.008 - INFO - SensorFusion [MainThread] - Initializing sensor fusion system
2025-04-25 09:32:51.008 - INFO - SensorFusion [MainThread] - Sensor fusion initialized
2025-04-25 09:32:51.009 - INFO - PoseEstimator [MainThread] - Initializing pose estimator
2025-04-25 09:32:51.009 - INFO - PoseEstimator [MainThread] - Pose estimator initialized
2025-04-25 09:32:51.009 - INFO - IMUProcessor [MainThread] - Initializing IMU processor
2025-04-25 09:32:51.009 - INFO - IMUProcessor [MainThread] - IMU processor initialized
2025-04-25 15:26:11.823 - INFO - main [MainThread] - Starting Multi-Sensor Autonomous Driving System
2025-04-25 15:26:11.823 - INFO - main [MainThread] - Log level: INFO, Log directory: logs
2025-04-25 15:26:11.877 - INFO - LaneDetector [MainThread] - Initializing lane detector with engine: ../Models/yolov8n-seg-lane.engine
2025-04-25 15:26:11.878 - INFO - TRTInference [MainThread] - Initializing TensorRT engine from: ../Models/yolov8n-seg-lane.engine
2025-04-25 15:26:12.646 - INFO - TRTInference [MainThread] - Engine loaded successfully
2025-04-25 15:26:12.649 - INFO - TRTInference [MainThread] - Allocated buffers for 1 inputs and 2 outputs
2025-04-25 15:26:12.649 - INFO - CUDAProcessor [MainThread] - Initializing CUDA processing kernels
2025-04-25 15:26:12.698 - INFO - CUDAProcessor [MainThread] - CUDA kernels compiled successfully
2025-04-25 15:26:12.702 - INFO - LaneDetector [MainThread] - Lane detector initialized successfully
2025-04-25 15:26:12.702 - INFO - SteeringController [MainThread] - Steering controller initialized with max torque: 0.10
2025-04-25 15:26:12.723 - INFO - vehicle_interface [MainThread] - Loaded DBC files successfully
2025-04-25 15:26:12.724 - INFO - can.interfaces.socketcan.socketcan [MainThread] - Created a socket
2025-04-25 15:26:12.724 - INFO - vehicle_interface [MainThread] - CAN bus initialized on channel devvcan0
2025-04-25 15:26:12.789 - INFO - can.interfaces.socketcan.socketcan [MainThread] - Created a socket
2025-04-25 15:26:12.801 - INFO - can.interfaces.socketcan.socketcan [MainThread] - Created a socket
2025-04-25 15:26:12.802 - INFO - VehicleStateManager [MainThread] - Initializing vehicle state manager
2025-04-25 15:26:12.802 - INFO - VehicleStateManager [MainThread] - Vehicle state manager initialized
2025-04-25 15:26:12.802 - INFO - SensorFusion [MainThread] - Initializing sensor fusion system
2025-04-25 15:26:12.802 - INFO - SensorFusion [MainThread] - Sensor fusion initialized
2025-04-25 15:26:12.803 - INFO - PoseEstimator [MainThread] - Initializing pose estimator
2025-04-25 15:26:12.803 - INFO - PoseEstimator [MainThread] - Pose estimator initialized
2025-04-25 15:26:12.803 - INFO - IMUProcessor [MainThread] - Initializing IMU processor
2025-04-25 15:26:12.803 - INFO - IMUProcessor [MainThread] - IMU processor initialized
2025-04-30 14:06:11.125 - INFO - main [MainThread] - Starting Multi-Sensor Autonomous Driving System
2025-04-30 14:06:11.126 - INFO - main [MainThread] - Log level: DEBUG, Log directory: logs
2025-04-30 14:06:11.178 - INFO - LaneDetector [MainThread] - Initializing lane detector with engine: ../Models/yolov8n-seg-lane.engine
2025-04-30 14:06:11.178 - INFO - TRTInference [MainThread] - Initializing TensorRT engine from: ../Models/yolov8n-seg-lane.engine
2025-04-30 14:06:11.957 - INFO - TRTInference [MainThread] - Engine loaded successfully
2025-04-30 14:06:11.960 - INFO - TRTInference [MainThread] - Allocated buffers for 1 inputs and 2 outputs
2025-04-30 14:06:11.960 - INFO - CUDAProcessor [MainThread] - Initializing CUDA processing kernels
2025-04-30 14:06:11.989 - INFO - CUDAProcessor [MainThread] - CUDA kernels compiled successfully
2025-04-30 14:06:11.991 - INFO - LaneDetector [MainThread] - Lane detector initialized successfully
2025-04-30 14:06:11.992 - INFO - SteeringController [MainThread] - Steering controller initialized with max torque: 0.10
2025-04-30 14:06:12.013 - INFO - vehicle_interface [MainThread] - Loaded DBC files successfully
2025-04-30 14:06:12.014 - DEBUG - can [MainThread] - can config: {'bitrate': 500000, 'channel': 'vcan0', 'interface': 'socketcan'}
2025-04-30 14:06:12.015 - INFO - can.interfaces.socketcan.socketcan [MainThread] - Created a socket
2025-04-30 14:06:12.015 - DEBUG - can.interfaces.socketcan.socketcan [MainThread] - Binding socket to channel=vcan0
2025-04-30 14:06:12.015 - DEBUG - can.interfaces.socketcan.socketcan [MainThread] - Bound socket.
2025-04-30 14:06:12.015 - INFO - vehicle_interface [MainThread] - CAN bus initialized on channel vcan0
2025-04-30 14:06:12.083 - DEBUG - can [MainThread] - can config: {'bitrate': 500000, 'channel': 'vcan0', 'interface': 'socketcan'}
2025-04-30 14:06:12.084 - INFO - can.interfaces.socketcan.socketcan [MainThread] - Created a socket
2025-04-30 14:06:12.084 - DEBUG - can.interfaces.socketcan.socketcan [MainThread] - Binding socket to channel=vcan0
2025-04-30 14:06:12.084 - DEBUG - can.interfaces.socketcan.socketcan [MainThread] - Bound socket.
2025-04-30 14:06:12.096 - DEBUG - can [MainThread] - can config: {'bitrate': 500000, 'channel': 'vcan0', 'interface': 'socketcan'}
2025-04-30 14:06:12.097 - INFO - can.interfaces.socketcan.socketcan [MainThread] - Created a socket
2025-04-30 14:06:12.097 - DEBUG - can.interfaces.socketcan.socketcan [MainThread] - Binding socket to channel=vcan0
2025-04-30 14:06:12.097 - DEBUG - can.interfaces.socketcan.socketcan [MainThread] - Bound socket.
2025-04-30 14:06:12.097 - INFO - VehicleStateManager [MainThread] - Initializing vehicle state manager
2025-04-30 14:06:12.097 - INFO - VehicleStateManager [MainThread] - Vehicle state manager initialized
2025-04-30 14:06:12.098 - INFO - SensorFusion [MainThread] - Initializing sensor fusion system
2025-04-30 14:06:12.098 - INFO - SensorFusion [MainThread] - Sensor fusion initialized
2025-04-30 14:06:12.098 - INFO - PoseEstimator [MainThread] - Initializing pose estimator
2025-04-30 14:06:12.098 - INFO - PoseEstimator [MainThread] - Pose estimator initialized
2025-04-30 14:06:12.098 - INFO - IMUProcessor [MainThread] - Initializing IMU processor
2025-04-30 14:06:12.099 - INFO - IMUProcessor [MainThread] - IMU processor initialized
2025-04-30 14:06:12.101 - DEBUG - rosout [MainThread] - signal handlers for rospy disabled
2025-04-30 14:25:11.763 - INFO - main [MainThread] - Starting Multi-Sensor Autonomous Driving System
2025-04-30 14:25:11.763 - INFO - main [MainThread] - Log level: DEBUG, Log directory: logs
2025-04-30 14:25:11.821 - INFO - LaneDetector [MainThread] - Initializing lane detector with engine: ../Models/yolov8n-seg-lane.engine
2025-04-30 14:25:11.821 - INFO - TRTInference [MainThread] - Initializing TensorRT engine from: ../Models/yolov8n-seg-lane.engine
2025-04-30 14:25:12.231 - INFO - TRTInference [MainThread] - Engine loaded successfully
2025-04-30 14:25:12.233 - INFO - TRTInference [MainThread] - Allocated buffers for 1 inputs and 2 outputs
2025-04-30 14:25:12.233 - INFO - CUDAProcessor [MainThread] - Initializing CUDA processing kernels
2025-04-30 14:25:12.257 - INFO - CUDAProcessor [MainThread] - CUDA kernels compiled successfully
2025-04-30 14:25:12.257 - INFO - LaneDetector [MainThread] - Lane detector initialized successfully
2025-04-30 14:25:12.257 - INFO - SteeringController [MainThread] - Steering controller initialized with max torque: 0.10
2025-04-30 14:25:12.276 - INFO - vehicle_interface [MainThread] - Loaded DBC files successfully
2025-04-30 14:25:12.277 - DEBUG - can [MainThread] - can config: {'bitrate': 500000, 'channel': 'vcan0', 'interface': 'socketcan'}
2025-04-30 14:25:12.278 - INFO - can.interfaces.socketcan.socketcan [MainThread] - Created a socket
2025-04-30 14:25:12.278 - DEBUG - can.interfaces.socketcan.socketcan [MainThread] - Binding socket to channel=vcan0
2025-04-30 14:25:12.278 - DEBUG - can.interfaces.socketcan.socketcan [MainThread] - Bound socket.
2025-04-30 14:25:12.278 - INFO - vehicle_interface [MainThread] - CAN bus initialized on channel vcan0
2025-04-30 14:25:12.343 - DEBUG - can [MainThread] - can config: {'bitrate': 500000, 'channel': 'vcan0', 'interface': 'socketcan'}
2025-04-30 14:25:12.344 - INFO - can.interfaces.socketcan.socketcan [MainThread] - Created a socket
2025-04-30 14:25:12.344 - DEBUG - can.interfaces.socketcan.socketcan [MainThread] - Binding socket to channel=vcan0
2025-04-30 14:25:12.344 - DEBUG - can.interfaces.socketcan.socketcan [MainThread] - Bound socket.
2025-04-30 14:25:12.354 - DEBUG - can [MainThread] - can config: {'bitrate': 500000, 'channel': 'vcan0', 'interface': 'socketcan'}
2025-04-30 14:25:12.354 - INFO - can.interfaces.socketcan.socketcan [MainThread] - Created a socket
2025-04-30 14:25:12.354 - DEBUG - can.interfaces.socketcan.socketcan [MainThread] - Binding socket to channel=vcan0
2025-04-30 14:25:12.354 - DEBUG - can.interfaces.socketcan.socketcan [MainThread] - Bound socket.
2025-04-30 14:25:12.355 - INFO - VehicleStateManager [MainThread] - Initializing vehicle state manager
2025-04-30 14:25:12.355 - INFO - VehicleStateManager [MainThread] - Vehicle state manager initialized
2025-04-30 14:25:12.355 - INFO - SensorFusion [MainThread] - Initializing sensor fusion system
2025-04-30 14:25:12.355 - INFO - SensorFusion [MainThread] - Sensor fusion initialized
2025-04-30 14:25:12.355 - INFO - PoseEstimator [MainThread] - Initializing pose estimator
2025-04-30 14:25:12.356 - INFO - PoseEstimator [MainThread] - Pose estimator initialized
2025-04-30 14:25:12.356 - INFO - IMUProcessor [MainThread] - Initializing IMU processor
2025-04-30 14:25:12.356 - INFO - IMUProcessor [MainThread] - IMU processor initialized
2025-04-30 14:25:12.358 - DEBUG - rosout [MainThread] - signal handlers for rospy disabled
2025-04-30 14:25:42.072 - INFO - main [MainThread] - Starting Multi-Sensor Autonomous Driving System
2025-04-30 14:25:42.073 - INFO - main [MainThread] - Log level: DEBUG, Log directory: logs
2025-04-30 14:25:42.121 - INFO - LaneDetector [MainThread] - Initializing lane detector with engine: ../Models/yolov8n-seg-lane.engine
2025-04-30 14:25:42.122 - INFO - TRTInference [MainThread] - Initializing TensorRT engine from: ../Models/yolov8n-seg-lane.engine
2025-04-30 14:25:42.532 - INFO - TRTInference [MainThread] - Engine loaded successfully
2025-04-30 14:25:42.534 - INFO - TRTInference [MainThread] - Allocated buffers for 1 inputs and 2 outputs
2025-04-30 14:25:42.534 - INFO - CUDAProcessor [MainThread] - Initializing CUDA processing kernels
2025-04-30 14:25:42.558 - INFO - CUDAProcessor [MainThread] - CUDA kernels compiled successfully
2025-04-30 14:25:42.559 - INFO - LaneDetector [MainThread] - Lane detector initialized successfully
2025-04-30 14:25:42.559 - INFO - SteeringController [MainThread] - Steering controller initialized with max torque: 0.10
2025-04-30 14:25:42.578 - INFO - vehicle_interface [MainThread] - Loaded DBC files successfully
2025-04-30 14:25:42.579 - DEBUG - can [MainThread] - can config: {'bitrate': 500000, 'channel': 'vcan0', 'interface': 'socketcan'}
2025-04-30 14:25:42.579 - INFO - can.interfaces.socketcan.socketcan [MainThread] - Created a socket
2025-04-30 14:25:42.579 - DEBUG - can.interfaces.socketcan.socketcan [MainThread] - Binding socket to channel=vcan0
2025-04-30 14:25:42.579 - DEBUG - can.interfaces.socketcan.socketcan [MainThread] - Bound socket.
2025-04-30 14:25:42.580 - INFO - vehicle_interface [MainThread] - CAN bus initialized on channel vcan0
2025-04-30 14:25:42.644 - DEBUG - can [MainThread] - can config: {'bitrate': 500000, 'channel': 'vcan0', 'interface': 'socketcan'}
2025-04-30 14:25:42.645 - INFO - can.interfaces.socketcan.socketcan [MainThread] - Created a socket
2025-04-30 14:25:42.645 - DEBUG - can.interfaces.socketcan.socketcan [MainThread] - Binding socket to channel=vcan0
2025-04-30 14:25:42.645 - DEBUG - can.interfaces.socketcan.socketcan [MainThread] - Bound socket.
2025-04-30 14:25:42.654 - DEBUG - can [MainThread] - can config: {'bitrate': 500000, 'channel': 'vcan0', 'interface': 'socketcan'}
2025-04-30 14:25:42.655 - INFO - can.interfaces.socketcan.socketcan [MainThread] - Created a socket
2025-04-30 14:25:42.655 - DEBUG - can.interfaces.socketcan.socketcan [MainThread] - Binding socket to channel=vcan0
2025-04-30 14:25:42.655 - DEBUG - can.interfaces.socketcan.socketcan [MainThread] - Bound socket.
2025-04-30 14:25:42.655 - INFO - VehicleStateManager [MainThread] - Initializing vehicle state manager
2025-04-30 14:25:42.655 - INFO - VehicleStateManager [MainThread] - Vehicle state manager initialized
2025-04-30 14:25:42.656 - INFO - SensorFusion [MainThread] - Initializing sensor fusion system
2025-04-30 14:25:42.656 - INFO - SensorFusion [MainThread] - Sensor fusion initialized
2025-04-30 14:25:42.656 - INFO - PoseEstimator [MainThread] - Initializing pose estimator
2025-04-30 14:25:42.656 - INFO - PoseEstimator [MainThread] - Pose estimator initialized
2025-04-30 14:25:42.656 - INFO - IMUProcessor [MainThread] - Initializing IMU processor
2025-04-30 14:25:42.656 - INFO - IMUProcessor [MainThread] - IMU processor initialized
2025-04-30 14:25:42.659 - DEBUG - rosout [MainThread] - signal handlers for rospy disabled
2025-04-30 14:27:51.041 - INFO - main [MainThread] - Starting Multi-Sensor Autonomous Driving System
2025-04-30 14:27:51.042 - INFO - main [MainThread] - Log level: DEBUG, Log directory: logs
2025-04-30 14:27:51.091 - INFO - LaneDetector [MainThread] - Initializing lane detector with engine: ../Models/yolov8n-seg-lane.engine
2025-04-30 14:27:51.091 - INFO - TRTInference [MainThread] - Initializing TensorRT engine from: ../Models/yolov8n-seg-lane.engine
2025-04-30 14:27:51.508 - INFO - TRTInference [MainThread] - Engine loaded successfully
2025-04-30 14:27:51.510 - INFO - TRTInference [MainThread] - Allocated buffers for 1 inputs and 2 outputs
2025-04-30 14:27:51.510 - INFO - CUDAProcessor [MainThread] - Initializing CUDA processing kernels
2025-04-30 14:27:51.535 - INFO - CUDAProcessor [MainThread] - CUDA kernels compiled successfully
2025-04-30 14:27:51.535 - INFO - LaneDetector [MainThread] - Lane detector initialized successfully
2025-04-30 14:27:51.535 - INFO - SteeringController [MainThread] - Steering controller initialized with max torque: 0.10
2025-04-30 14:27:51.555 - INFO - vehicle_interface [MainThread] - Loaded DBC files successfully
2025-04-30 14:27:51.556 - DEBUG - can [MainThread] - can config: {'bitrate': 500000, 'channel': 'vcan0', 'interface': 'socketcan'}
2025-04-30 14:27:51.556 - INFO - can.interfaces.socketcan.socketcan [MainThread] - Created a socket
2025-04-30 14:27:51.556 - DEBUG - can.interfaces.socketcan.socketcan [MainThread] - Binding socket to channel=vcan0
2025-04-30 14:27:51.556 - DEBUG - can.interfaces.socketcan.socketcan [MainThread] - Bound socket.
2025-04-30 14:27:51.557 - INFO - vehicle_interface [MainThread] - CAN bus initialized on channel vcan0
2025-04-30 14:27:51.617 - DEBUG - can [MainThread] - can config: {'bitrate': 500000, 'channel': 'vcan0', 'interface': 'socketcan'}
2025-04-30 14:27:51.618 - INFO - can.interfaces.socketcan.socketcan [MainThread] - Created a socket
2025-04-30 14:27:51.618 - DEBUG - can.interfaces.socketcan.socketcan [MainThread] - Binding socket to channel=vcan0
2025-04-30 14:27:51.618 - DEBUG - can.interfaces.socketcan.socketcan [MainThread] - Bound socket.
2025-04-30 14:27:51.628 - DEBUG - can [MainThread] - can config: {'bitrate': 500000, 'channel': 'vcan0', 'interface': 'socketcan'}
2025-04-30 14:27:51.628 - INFO - can.interfaces.socketcan.socketcan [MainThread] - Created a socket
2025-04-30 14:27:51.628 - DEBUG - can.interfaces.socketcan.socketcan [MainThread] - Binding socket to channel=vcan0
2025-04-30 14:27:51.628 - DEBUG - can.interfaces.socketcan.socketcan [MainThread] - Bound socket.
2025-04-30 14:27:51.629 - INFO - VehicleStateManager [MainThread] - Initializing vehicle state manager
2025-04-30 14:27:51.629 - INFO - VehicleStateManager [MainThread] - Vehicle state manager initialized
2025-04-30 14:27:51.629 - INFO - SensorFusion [MainThread] - Initializing sensor fusion system
2025-04-30 14:27:51.629 - INFO - SensorFusion [MainThread] - Sensor fusion initialized
2025-04-30 14:27:51.630 - INFO - PoseEstimator [MainThread] - Initializing pose estimator
2025-04-30 14:27:51.630 - INFO - PoseEstimator [MainThread] - Pose estimator initialized
2025-04-30 14:27:51.630 - INFO - IMUProcessor [MainThread] - Initializing IMU processor
2025-04-30 14:27:51.630 - INFO - IMUProcessor [MainThread] - IMU processor initialized
2025-04-30 14:27:51.632 - DEBUG - rosout [MainThread] - signal handlers for rospy disabled
2025-04-30 15:13:21.733 - INFO - main [MainThread] - Starting Multi-Sensor Autonomous Driving System
2025-04-30 15:13:21.733 - INFO - main [MainThread] - Log level: DEBUG, Log directory: logs
2025-04-30 15:13:21.782 - INFO - LaneDetector [MainThread] - Initializing lane detector with engine: ../Models/yolov8n-seg-lane.engine
2025-04-30 15:13:21.782 - INFO - TRTInference [MainThread] - Initializing TensorRT engine from: ../Models/yolov8n-seg-lane.engine
2025-04-30 15:13:22.190 - INFO - TRTInference [MainThread] - Engine loaded successfully
2025-04-30 15:13:22.191 - INFO - TRTInference [MainThread] - Allocated buffers for 1 inputs and 2 outputs
2025-04-30 15:13:22.191 - INFO - CUDAProcessor [MainThread] - Initializing CUDA processing kernels
2025-04-30 15:13:22.215 - INFO - CUDAProcessor [MainThread] - CUDA kernels compiled successfully
2025-04-30 15:13:22.215 - INFO - LaneDetector [MainThread] - Lane detector initialized successfully
2025-04-30 15:13:22.216 - INFO - SteeringController [MainThread] - Steering controller initialized with max torque: 0.10
2025-04-30 15:13:22.234 - INFO - vehicle_interface [MainThread] - Loaded DBC files successfully
2025-04-30 15:13:22.235 - DEBUG - can [MainThread] - can config: {'bitrate': 500000, 'channel': 'vcan0', 'interface': 'socketcan'}
2025-04-30 15:13:22.236 - INFO - can.interfaces.socketcan.socketcan [MainThread] - Created a socket
2025-04-30 15:13:22.236 - DEBUG - can.interfaces.socketcan.socketcan [MainThread] - Binding socket to channel=vcan0
2025-04-30 15:13:22.237 - DEBUG - can.interfaces.socketcan.socketcan [MainThread] - Bound socket.
2025-04-30 15:13:22.237 - INFO - vehicle_interface [MainThread] - CAN bus initialized on channel vcan0
2025-04-30 15:13:22.305 - DEBUG - can [MainThread] - can config: {'bitrate': 500000, 'channel': 'vcan0', 'interface': 'socketcan'}
2025-04-30 15:13:22.306 - INFO - can.interfaces.socketcan.socketcan [MainThread] - Created a socket
2025-04-30 15:13:22.306 - DEBUG - can.interfaces.socketcan.socketcan [MainThread] - Binding socket to channel=vcan0
2025-04-30 15:13:22.306 - DEBUG - can.interfaces.socketcan.socketcan [MainThread] - Bound socket.
2025-04-30 15:13:22.316 - DEBUG - can [MainThread] - can config: {'bitrate': 500000, 'channel': 'vcan0', 'interface': 'socketcan'}
2025-04-30 15:13:22.316 - INFO - can.interfaces.socketcan.socketcan [MainThread] - Created a socket
2025-04-30 15:13:22.316 - DEBUG - can.interfaces.socketcan.socketcan [MainThread] - Binding socket to channel=vcan0
2025-04-30 15:13:22.316 - DEBUG - can.interfaces.socketcan.socketcan [MainThread] - Bound socket.
2025-04-30 15:13:22.317 - INFO - VehicleStateManager [MainThread] - Initializing vehicle state manager
2025-04-30 15:13:22.317 - INFO - VehicleStateManager [MainThread] - Vehicle state manager initialized
2025-04-30 15:13:22.317 - INFO - SensorFusion [MainThread] - Initializing sensor fusion system
2025-04-30 15:13:22.317 - INFO - SensorFusion [MainThread] - Sensor fusion initialized
2025-04-30 15:13:22.318 - INFO - PoseEstimator [MainThread] - Initializing pose estimator
2025-04-30 15:13:22.318 - INFO - PoseEstimator [MainThread] - Pose estimator initialized
2025-04-30 15:13:22.318 - INFO - IMUProcessor [MainThread] - Initializing IMU processor
2025-04-30 15:13:22.318 - INFO - IMUProcessor [MainThread] - IMU processor initialized
2025-04-30 15:13:22.321 - DEBUG - rosout [MainThread] - signal handlers for rospy disabled
2025-04-30 15:14:34.329 - INFO - main [MainThread] - Starting Multi-Sensor Autonomous Driving System
2025-04-30 15:14:34.329 - INFO - main [MainThread] - Log level: DEBUG, Log directory: logs
2025-04-30 15:14:34.378 - INFO - LaneDetector [MainThread] - Initializing lane detector with engine: ../Models/yolov8n-seg-lane.engine
2025-04-30 15:14:34.378 - INFO - TRTInference [MainThread] - Initializing TensorRT engine from: ../Models/yolov8n-seg-lane.engine
2025-04-30 15:14:34.793 - INFO - TRTInference [MainThread] - Engine loaded successfully
2025-04-30 15:14:34.795 - INFO - TRTInference [MainThread] - Allocated buffers for 1 inputs and 2 outputs
2025-04-30 15:14:34.795 - INFO - CUDAProcessor [MainThread] - Initializing CUDA processing kernels
2025-04-30 15:14:34.820 - INFO - CUDAProcessor [MainThread] - CUDA kernels compiled successfully
2025-04-30 15:14:34.821 - INFO - LaneDetector [MainThread] - Lane detector initialized successfully
2025-04-30 15:14:34.821 - INFO - SteeringController [MainThread] - Steering controller initialized with max torque: 0.10
2025-04-30 15:14:34.840 - INFO - vehicle_interface [MainThread] - Loaded DBC files successfully
2025-04-30 15:14:34.841 - DEBUG - can [MainThread] - can config: {'bitrate': 500000, 'channel': 'vcan0', 'interface': 'socketcan'}
2025-04-30 15:14:34.841 - INFO - can.interfaces.socketcan.socketcan [MainThread] - Created a socket
2025-04-30 15:14:34.842 - DEBUG - can.interfaces.socketcan.socketcan [MainThread] - Binding socket to channel=vcan0
2025-04-30 15:14:34.842 - DEBUG - can.interfaces.socketcan.socketcan [MainThread] - Bound socket.
2025-04-30 15:14:34.842 - INFO - vehicle_interface [MainThread] - CAN bus initialized on channel vcan0
2025-04-30 15:14:34.912 - DEBUG - can [MainThread] - can config: {'bitrate': 500000, 'channel': 'vcan0', 'interface': 'socketcan'}
2025-04-30 15:14:34.913 - INFO - can.interfaces.socketcan.socketcan [MainThread] - Created a socket
2025-04-30 15:14:34.913 - DEBUG - can.interfaces.socketcan.socketcan [MainThread] - Binding socket to channel=vcan0
2025-04-30 15:14:34.913 - DEBUG - can.interfaces.socketcan.socketcan [MainThread] - Bound socket.
2025-04-30 15:14:34.923 - DEBUG - can [MainThread] - can config: {'bitrate': 500000, 'channel': 'vcan0', 'interface': 'socketcan'}
2025-04-30 15:14:34.923 - INFO - can.interfaces.socketcan.socketcan [MainThread] - Created a socket
2025-04-30 15:14:34.923 - DEBUG - can.interfaces.socketcan.socketcan [MainThread] - Binding socket to channel=vcan0
2025-04-30 15:14:34.923 - DEBUG - can.interfaces.socketcan.socketcan [MainThread] - Bound socket.
2025-04-30 15:14:34.923 - INFO - VehicleStateManager [MainThread] - Initializing vehicle state manager
2025-04-30 15:14:34.924 - INFO - VehicleStateManager [MainThread] - Vehicle state manager initialized
2025-04-30 15:14:34.924 - INFO - SensorFusion [MainThread] - Initializing sensor fusion system
2025-04-30 15:14:34.924 - INFO - SensorFusion [MainThread] - Sensor fusion initialized
2025-04-30 15:14:34.924 - INFO - PoseEstimator [MainThread] - Initializing pose estimator
2025-04-30 15:14:34.924 - INFO - PoseEstimator [MainThread] - Pose estimator initialized
2025-04-30 15:14:34.925 - INFO - IMUProcessor [MainThread] - Initializing IMU processor
2025-04-30 15:14:34.925 - INFO - IMUProcessor [MainThread] - IMU processor initialized
2025-04-30 15:14:34.927 - DEBUG - rosout [MainThread] - signal handlers for rospy disabled
2025-04-30 15:16:42.837 - INFO - main [MainThread] - Starting Multi-Sensor Autonomous Driving System
2025-04-30 15:16:42.837 - INFO - main [MainThread] - Log level: DEBUG, Log directory: logs
2025-04-30 15:16:42.891 - INFO - LaneDetector [MainThread] - Initializing lane detector with engine: ../Models/yolov8n-seg-lane.engine
2025-04-30 15:16:42.891 - INFO - TRTInference [MainThread] - Initializing TensorRT engine from: ../Models/yolov8n-seg-lane.engine
2025-04-30 15:16:43.307 - INFO - TRTInference [MainThread] - Engine loaded successfully
2025-04-30 15:16:43.308 - INFO - TRTInference [MainThread] - Allocated buffers for 1 inputs and 2 outputs
2025-04-30 15:16:43.308 - INFO - CUDAProcessor [MainThread] - Initializing CUDA processing kernels
2025-04-30 15:16:43.335 - INFO - CUDAProcessor [MainThread] - CUDA kernels compiled successfully
2025-04-30 15:16:43.336 - INFO - LaneDetector [MainThread] - Lane detector initialized successfully
2025-04-30 15:16:43.336 - INFO - SteeringController [MainThread] - Steering controller initialized with max torque: 0.10
2025-04-30 15:16:43.355 - INFO - vehicle_interface [MainThread] - Loaded DBC files successfully
2025-04-30 15:16:43.356 - DEBUG - can [MainThread] - can config: {'bitrate': 500000, 'channel': 'vcan0', 'interface': 'socketcan'}
2025-04-30 15:16:43.357 - INFO - can.interfaces.socketcan.socketcan [MainThread] - Created a socket
2025-04-30 15:16:43.357 - DEBUG - can.interfaces.socketcan.socketcan [MainThread] - Binding socket to channel=vcan0
2025-04-30 15:16:43.357 - DEBUG - can.interfaces.socketcan.socketcan [MainThread] - Bound socket.
2025-04-30 15:16:43.357 - INFO - vehicle_interface [MainThread] - CAN bus initialized on channel vcan0
2025-04-30 15:16:43.425 - DEBUG - can [MainThread] - can config: {'bitrate': 500000, 'channel': 'vcan0', 'interface': 'socketcan'}
2025-04-30 15:16:43.425 - INFO - can.interfaces.socketcan.socketcan [MainThread] - Created a socket
2025-04-30 15:16:43.425 - DEBUG - can.interfaces.socketcan.socketcan [MainThread] - Binding socket to channel=vcan0
2025-04-30 15:16:43.426 - DEBUG - can.interfaces.socketcan.socketcan [MainThread] - Bound socket.
2025-04-30 15:16:43.435 - DEBUG - can [MainThread] - can config: {'bitrate': 500000, 'channel': 'vcan0', 'interface': 'socketcan'}
2025-04-30 15:16:43.436 - INFO - can.interfaces.socketcan.socketcan [MainThread] - Created a socket
2025-04-30 15:16:43.436 - DEBUG - can.interfaces.socketcan.socketcan [MainThread] - Binding socket to channel=vcan0
2025-04-30 15:16:43.436 - DEBUG - can.interfaces.socketcan.socketcan [MainThread] - Bound socket.
2025-04-30 15:16:43.436 - INFO - VehicleStateManager [MainThread] - Initializing vehicle state manager
2025-04-30 15:16:43.436 - INFO - VehicleStateManager [MainThread] - Vehicle state manager initialized
2025-04-30 15:16:43.437 - INFO - SensorFusion [MainThread] - Initializing sensor fusion system
2025-04-30 15:16:43.437 - INFO - SensorFusion [MainThread] - Sensor fusion initialized
2025-04-30 15:16:43.437 - INFO - PoseEstimator [MainThread] - Initializing pose estimator
2025-04-30 15:16:43.437 - INFO - PoseEstimator [MainThread] - Pose estimator initialized
2025-04-30 15:16:43.438 - INFO - IMUProcessor [MainThread] - Initializing IMU processor
2025-04-30 15:16:43.438 - INFO - IMUProcessor [MainThread] - IMU processor initialized
2025-04-30 15:16:43.440 - DEBUG - rosout [MainThread] - signal handlers for rospy disabled
2025-04-30 15:17:52.354 - INFO - main [MainThread] - Starting Multi-Sensor Autonomous Driving System
2025-04-30 15:17:52.354 - INFO - main [MainThread] - Log level: DEBUG, Log directory: logs
2025-04-30 15:17:52.403 - INFO - LaneDetector [MainThread] - Initializing lane detector with engine: ../Models/yolov8n-seg-lane.engine
2025-04-30 15:17:52.403 - INFO - TRTInference [MainThread] - Initializing TensorRT engine from: ../Models/yolov8n-seg-lane.engine
2025-04-30 15:17:52.818 - INFO - TRTInference [MainThread] - Engine loaded successfully
2025-04-30 15:17:52.820 - INFO - TRTInference [MainThread] - Allocated buffers for 1 inputs and 2 outputs
2025-04-30 15:17:52.820 - INFO - CUDAProcessor [MainThread] - Initializing CUDA processing kernels
2025-04-30 15:17:52.844 - INFO - CUDAProcessor [MainThread] - CUDA kernels compiled successfully
2025-04-30 15:17:52.845 - INFO - LaneDetector [MainThread] - Lane detector initialized successfully
2025-04-30 15:17:52.845 - INFO - SteeringController [MainThread] - Steering controller initialized with max torque: 0.10
2025-04-30 15:17:52.864 - INFO - vehicle_interface [MainThread] - Loaded DBC files successfully
2025-04-30 15:17:52.866 - DEBUG - can [MainThread] - can config: {'bitrate': 500000, 'channel': 'vcan0', 'interface': 'socketcan'}
2025-04-30 15:17:52.866 - INFO - can.interfaces.socketcan.socketcan [MainThread] - Created a socket
2025-04-30 15:17:52.866 - DEBUG - can.interfaces.socketcan.socketcan [MainThread] - Binding socket to channel=vcan0
2025-04-30 15:17:52.866 - DEBUG - can.interfaces.socketcan.socketcan [MainThread] - Bound socket.
2025-04-30 15:17:52.867 - INFO - vehicle_interface [MainThread] - CAN bus initialized on channel vcan0
2025-04-30 15:17:52.935 - DEBUG - can [MainThread] - can config: {'bitrate': 500000, 'channel': 'vcan0', 'interface': 'socketcan'}
2025-04-30 15:17:52.935 - INFO - can.interfaces.socketcan.socketcan [MainThread] - Created a socket
2025-04-30 15:17:52.935 - DEBUG - can.interfaces.socketcan.socketcan [MainThread] - Binding socket to channel=vcan0
2025-04-30 15:17:52.935 - DEBUG - can.interfaces.socketcan.socketcan [MainThread] - Bound socket.
2025-04-30 15:17:52.945 - DEBUG - can [MainThread] - can config: {'bitrate': 500000, 'channel': 'vcan0', 'interface': 'socketcan'}
2025-04-30 15:17:52.945 - INFO - can.interfaces.socketcan.socketcan [MainThread] - Created a socket
2025-04-30 15:17:52.946 - DEBUG - can.interfaces.socketcan.socketcan [MainThread] - Binding socket to channel=vcan0
2025-04-30 15:17:52.946 - DEBUG - can.interfaces.socketcan.socketcan [MainThread] - Bound socket.
2025-04-30 15:17:52.946 - INFO - VehicleStateManager [MainThread] - Initializing vehicle state manager
2025-04-30 15:17:52.946 - INFO - VehicleStateManager [MainThread] - Vehicle state manager initialized
2025-04-30 15:17:52.946 - INFO - SensorFusion [MainThread] - Initializing sensor fusion system
2025-04-30 15:17:52.947 - INFO - SensorFusion [MainThread] - Sensor fusion initialized
2025-04-30 15:17:52.947 - INFO - PoseEstimator [MainThread] - Initializing pose estimator
2025-04-30 15:17:52.947 - INFO - PoseEstimator [MainThread] - Pose estimator initialized
2025-04-30 15:17:52.947 - INFO - IMUProcessor [MainThread] - Initializing IMU processor
2025-04-30 15:17:52.947 - INFO - IMUProcessor [MainThread] - IMU processor initialized
2025-04-30 15:17:52.952 - DEBUG - rosout [MainThread] - signal handlers for rospy disabled
